=== RH Debt Ledger Paper Verification ===

[1/9] Checking git status...
  OK (or warnings above)
[2/9] Checking for Co-Authored-By trailers...
  OK: No Co-Authored-By trailers in recent commits
[3/9] Checking remote URL...
  OK: git@github.com:VertRule/rh-debt-ledger-paper.git
[4/9] Fetching and comparing with origin/main...
  OK: HEAD matches origin/main
[5/9] Checking required files...
  OK: All required files present
[6/9] Checking forbidden artifacts are not tracked...
  OK: No forbidden artifacts tracked
[7/9] Running redaction scan...
  OK: No machine-specific paths found
[8/9] Running exhibit digest verification...
  OK: Exhibit digest verified
[9/9] Running verify-all-exhibits...
  OK: All exhibits verified

=== VERIFICATION PASSED ===
